1575195959789	mozrunner::runner	INFO	Running command: "C:\\Program Files\\Mozilla Firefox\\firefox.exe" "-marionette" "-foreground" "-no-remote" "-profile" "C:\\Users\\Amartya\\AppData\\Local\\Temp\\rust_mozprofiletyrQ5k"
1575195965443	addons.webextension.screenshots@mozilla.org	WARN	Loading extension 'screenshots@mozilla.org': Reading manifest: Invalid extension permission: mozillaAddons
1575195965443	addons.webextension.screenshots@mozilla.org	WARN	Loading extension 'screenshots@mozilla.org': Reading manifest: Invalid extension permission: telemetry
1575195965444	addons.webextension.screenshots@mozilla.org	WARN	Loading extension 'screenshots@mozilla.org': Reading manifest: Invalid extension permission: resource://pdf.js/
1575195965448	addons.webextension.screenshots@mozilla.org	WARN	Loading extension 'screenshots@mozilla.org': Reading manifest: Invalid extension permission: about:reader*
JavaScript error: resource://gre/modules/XULStore.jsm, line 66: Error: Can't find profile directory.
1575195971530	Marionette	INFO	Listening on port 52675
[Child 14824, Chrome_ChildThread] WARNING: pipe error: 109: file z:/task_1572401533/build/src/ipc/chromium/src/chrome/common/ipc_channel_win.cc, line 341
[Child 14824, Chrome_ChildThread] WARNING: pipe error: 109: file z:/task_1572401533/build/src/ipc/chromium/src/chrome/common/ipc_channel_win.cc, line 341
1575195972111	Marionette	WARN	TLS certificate errors will be ignored for this session
JavaScript error: , line 0: uncaught exception: 0
JavaScript warning: https://acsbap.com/api/app/assets/js/acsb.js, line 7541: unreachable code after return statement
JavaScript error: https://app.neilpatel.com/static/js/index.5f428160.js, line 1: Error: Request aborted
JavaScript error: https://app.neilpatel.com/static/js/index.5f428160.js, line 1: Error: Request aborted
JavaScript warning: https://acsbap.com/api/app/assets/js/acsb.js, line 7541: unreachable code after return statement
JavaScript error: , line 0: uncaught exception: 0
JavaScript error: https://app.neilpatel.com/static/js/index.5f428160.js, line 1: Error: Request aborted
JavaScript error: https://app.neilpatel.com/static/js/index.5f428160.js, line 1: Error: Request aborted
JavaScript warning: https://acsbap.com/api/app/assets/js/acsb.js, line 7541: unreachable code after return statement
JavaScript error: , line 0: uncaught exception: 0
JavaScript warning: https://acsbap.com/api/app/assets/js/acsb.js, line 7541: unreachable code after return statement
JavaScript error: , line 0: uncaught exception: 0
IPDL protocol error: Handler returned error code!

###!!! [Parent][DispatchAsyncMessage] Error: PMessagePort::Msg_PostMessages Processing error: message was deserialized, but the handler returned false (indicating failure)

JavaScript error: , line 0: uncaught exception: 0
JavaScript error: https://app.neilpatel.com/static/js/index.5f428160.js, line 1: Error: Request aborted
JavaScript error: https://app.neilpatel.com/static/js/index.5f428160.js, line 1: Error: Request aborted
JavaScript error: , line 0: uncaught exception: 0
JavaScript error: , line 0: uncaught exception: 0
1575196316450	Marionette	INFO	Stopped listening on port 52675
[Child 16960, Chrome_ChildThread] WARNING: pipe error: 109: file z:/task_1572401533/build/src/ipc/chromium/src/chrome/common/ipc_channel_win.cc, line 341
[Child 16960, Chrome_ChildThread] WARNING
###!!! [Child][RunMessage] Error: Channel closing: too late to send/recv, messages will be lost


###!!! [Child][MessageChannel::SendAndWait] Error: Channel error: cannot send/recv

1575197610960	mozrunner::runner	INFO	Running command: "C:\\Program Files\\Mozilla Firefox\\firefox.exe" "-marionette" "-foreground" "-no-remote" "-profile" "C:\\Users\\Amartya\\AppData\\Local\\Temp\\rust_mozprofileUJR2YG"
1575197614267	addons.webextension.screenshots@mozilla.org	WARN	Loading extension 'screenshots@mozilla.org': Reading manifest: Invalid extension permission: mozillaAddons
1575197614267	addons.webextension.screenshots@mozilla.org	WARN	Loading extension 'screenshots@mozilla.org': Reading manifest: Invalid extension permission: telemetry
1575197614267	addons.webextension.screenshots@mozilla.org	WARN	Loading extension 'screenshots@mozilla.org': Reading manifest: Invalid extension permission: resource://pdf.js/
1575197614267	addons.webextension.screenshots@mozilla.org	WARN	Loading extension 'screenshots@mozilla.org': Reading manifest: Invalid extension permission: about:reader*
JavaScript error: resource://gre/modules/XULStore.jsm, line 66: Error: Can't find profile directory.
1575197621342	Marionette	INFO	Listening on port 53252
1575197621578	Marionette	WARN	TLS certificate errors will be ignored for this session
[Child 9836, Chrome_ChildThread] WARNING: pipe error: 109: file z:/task_1572401533/build/src/ipc/chromium/src/chrome/common/ipc_channel_win.cc, line 341
[Child 9836, Chrome_ChildThread] WARNING: pipe error: 109: file z:/task_1572401533/build/src/ipc/chromium/src/chrome/common/ipc_channel_win.cc, line 341
JavaScript error: , line 0: uncaught exception: 0
JavaScript warning: https://acsbap.com/api/app/assets/js/acsb.js, line 7541: unreachable code after return statement
JavaScript error: https://app.neilpatel.com/static/js/index.5f428160.js, line 1: Error: Request aborted
JavaScript error: https://app.neilpatel.com/static/js/index.5f428160.js, line 1: Error: Request aborted
JavaScript error: https://app.neilpatel.com/static/js/index.5f428160.js, line 1: Error: Request aborted
JavaScript error: https://app.neilpatel.com/static/js/index.5f428160.js, line 1: Error: Request aborted
JavaScript warning: https://acsbap.com/api/app/assets/js/acsb.js, line 7541: unreachable code after return statement
JavaScript error: , line 0: uncaught exception: 0
SourceActor threw an exception: [Exception... "Failed to open input source 'file:///'"  nsresult: "0x80004005 (NS_ERROR_FAILURE)"  location: "JS frame :: resource://devtools/shared/DevToolsUtils.js :: mainThreadFetch/< :: line 678"  data: yes]
Stack: mainThreadFetch/<@resource://devtools/shared/DevToolsUtils.js:678:15
mainThreadFetch@resource://devtools/shared/DevToolsUtils.js:530:10
_fetchURLContents@resource://devtools/server/actors/utils/TabSources.js:580:22
urlContents@resource://devtools/server/actors/utils/TabSources.js:547:17
_resurrectSource@resource://devtools/server/actors/thread.js:2033:69
addAllSources@resource://devtools/server/actors/thread.js:1334:14
onSources@resource://devtools/server/actors/thread.js:1340:10
onPacket@resource://devtools/server/debugger-server-connection.js:378:58
receiveMessage@resource://devtools/shared/transport/child-transport.js:66:16
Line: 678, column: 0
console.error: ({})
JavaScript error: resource://devtools/shared/DevToolsUtils.js, line 678: NS_ERROR_FAILURE: Failed to open input source 'file:///'
[Parent 14604, Gecko_IOThread] WARNING: pipe error: 109: file z:/task_1572401533/build/src/ipc/chromium/src/chrome/common/ipc_channel_win.cc, line 341
[Child 17136, Chrome_ChildThread] WARNING: pipe error: 109: file z:/task_1572401533/build/src/ipc/chromium/src/chrome/common/ipc_channel_win.cc, line 341
[Child 17136, Chrome_ChildThread] WARNING: pipe error: 109: file z:/task_1572401533/build/src/ipc/chromium/src/chrome/common/ipc_channel_win.cc, line 341
[Child 2716, Chrome_ChildThread] WARNING: pipe error: 109: file z:/task_1572401533/build/src/ipc/chromium/src/chrome/common/ipc_channel_win.cc, line 341
1575197734784	Marionette	INFO	Stopped listening on port 53252

###!!! [Child][MessageChannel::SendAndWait] Error: Channel error: cannot send/recv

